<?xml version="1.0" encoding="UTF-8"?>
<!-- Generated by org.testng.reporters.JUnitReportReporter -->
<testsuite hostname="DESKTOP-1OIHU9F" failures="0" tests="1" name="script.InvalidLogin" time="77.425" errors="0" timestamp="2024-10-23T11:45:02 IST" skipped="0">
  <testcase classname="script.InvalidLogin" name="TestInvalidLogin" time="77.425">
    <system-out>
      <![CDATA[Err Msg is Displayed]]>
    </system-out>
  </testcase> <!-- TestInvalidLogin -->
  <system-out>
    <![CDATA[Err Msg is Displayed]]>
  </system-out>
</testsuite> <!-- script.InvalidLogin -->
