<?xml version="1.0" encoding="UTF-8"?>
<!-- Generated by org.testng.reporters.JUnitReportReporter -->
<testsuite hostname="DESKTOP-1OIHU9F" failures="0" tests="1" name="script.Demo1" time="72.214" errors="0" timestamp="2024-10-21T11:34:40 IST" skipped="0">
  <testcase classname="script.Demo1" name="testA" time="72.214"/>
</testsuite> <!-- script.Demo1 -->
