<?xml version="1.0" encoding="UTF-8"?>
<!-- Generated by org.testng.reporters.JUnitReportReporter -->
<testsuite hostname="DESKTOP-1OIHU9F" failures="0" tests="2" name="script.DemoX" time="0.371" errors="0" timestamp="2024-10-17T11:42:14 IST" skipped="0">
  <testcase classname="script.DemoX" name="deleteUser" time="0.018"/>
  <testcase classname="script.DemoX" name="createUser" time="0.353"/>
</testsuite> <!-- script.DemoX -->
