<?xml version="1.0" encoding="UTF-8"?>
<!-- Generated by org.testng.reporters.JUnitReportReporter -->
<testsuite hostname="DESKTOP-1OIHU9F" failures="0" tests="1" name="script.Demo1" time="47.537" errors="0" timestamp="2024-10-22T11:31:36 IST" skipped="0">
  <testcase classname="script.Demo1" name="testA" time="47.537"/>
</testsuite> <!-- script.Demo1 -->
